INFO 2020-10-27 10:37:16,760 登录功能开始
INFO 2020-10-27 10:37:16,888 ---输入用户名---
INFO 2020-10-27 10:37:31,141 登录功能开始
INFO 2020-10-27 10:37:31,236 ---输入用户名---admin
INFO 2020-10-27 10:37:44,726 登录功能开始
INFO 2020-10-27 10:37:44,800 ---输入用户名---
INFO 2020-10-27 10:37:44,856 输入密码
INFO 2020-10-27 10:37:47,915 点击登录
INFO 2020-10-27 10:37:47,920 -获取弹出框内容-
INFO 2020-10-27 10:38:00,892 登录功能开始
INFO 2020-10-27 10:38:01,002 ---输入用户名---admin
INFO 2020-10-27 10:38:14,019 登录功能开始
INFO 2020-10-27 10:38:14,113 ---输入用户名---admin
INFO 2020-10-27 10:38:14,169 输入密码
INFO 2020-10-27 10:38:17,219 点击登录
INFO 2020-10-27 10:38:17,224 -获取弹出框内容-
INFO 2020-10-27 10:40:25,380 登录功能开始
INFO 2020-10-27 10:40:25,451 ---输入用户名---
INFO 2020-10-27 10:40:38,598 登录功能开始
INFO 2020-10-27 10:40:38,696 ---输入用户名---admin
INFO 2020-10-27 10:40:52,159 登录功能开始
INFO 2020-10-27 10:40:52,215 ---输入用户名---
INFO 2020-10-27 10:40:52,289 输入密码
INFO 2020-10-27 10:40:55,343 点击登录
INFO 2020-10-27 10:40:55,345 -获取弹出框内容-
INFO 2020-10-27 10:41:08,475 登录功能开始
INFO 2020-10-27 10:41:08,573 ---输入用户名---admin
INFO 2020-10-27 10:41:21,669 登录功能开始
INFO 2020-10-27 10:41:21,761 ---输入用户名---admin
INFO 2020-10-27 10:41:21,828 输入密码
INFO 2020-10-27 10:41:24,880 点击登录
INFO 2020-10-27 10:41:24,882 -获取弹出框内容-
INFO 2020-10-27 10:44:57,950 登录功能开始
INFO 2020-10-27 10:44:58,031 ---输入用户名---
INFO 2020-10-27 10:45:12,111 登录功能开始
INFO 2020-10-27 10:45:12,304 ---输入用户名---admin
INFO 2020-10-27 10:45:25,382 登录功能开始
INFO 2020-10-27 10:45:25,470 ---输入用户名---
INFO 2020-10-27 10:45:25,543 输入密码
INFO 2020-10-27 10:45:28,597 点击登录
INFO 2020-10-27 10:45:28,599 -获取弹出框内容-
INFO 2020-10-27 10:45:41,664 登录功能开始
INFO 2020-10-27 10:45:41,759 ---输入用户名---admin
INFO 2020-10-27 10:45:54,843 登录功能开始
INFO 2020-10-27 10:45:54,944 ---输入用户名---admin
INFO 2020-10-27 10:45:55,006 输入密码
INFO 2020-10-27 10:45:58,060 点击登录
INFO 2020-10-27 10:45:58,063 -获取弹出框内容-
INFO 2020-10-27 10:47:19,046 登录功能开始
INFO 2020-10-27 10:47:19,120 ---输入用户名---
INFO 2020-10-27 10:47:19,200 输入密码123456
INFO 2020-10-27 10:47:22,251 点击登录
INFO 2020-10-27 10:47:22,253 -获取弹出框内容-
INFO 2020-10-27 10:47:35,342 登录功能开始
INFO 2020-10-27 10:47:35,522 ---输入用户名---admin
INFO 2020-10-27 10:47:35,605 输入密码654321
INFO 2020-10-27 10:47:38,785 点击登录
INFO 2020-10-27 10:47:38,787 -获取弹出框内容-
INFO 2020-10-27 10:47:52,742 登录功能开始
INFO 2020-10-27 10:47:52,813 ---输入用户名---
INFO 2020-10-27 10:47:52,877 输入密码
INFO 2020-10-27 10:47:55,933 点击登录
INFO 2020-10-27 10:47:55,935 -获取弹出框内容-
INFO 2020-10-27 10:48:09,903 登录功能开始
INFO 2020-10-27 10:48:09,993 ---输入用户名---admin
INFO 2020-10-27 10:48:10,069 输入密码123456
INFO 2020-10-27 10:48:13,342 点击登录
INFO 2020-10-27 10:48:26,462 登录功能开始
INFO 2020-10-27 10:48:26,566 ---输入用户名---admin
INFO 2020-10-27 10:48:26,740 输入密码
INFO 2020-10-27 10:48:29,793 点击登录
INFO 2020-10-27 10:48:29,797 -获取弹出框内容-
INFO 2020-10-27 10:56:04,849 登录功能开始
INFO 2020-10-27 10:56:04,913 ---输入用户名---
INFO 2020-10-27 10:56:04,976 输入密码123456
INFO 2020-10-27 10:56:08,027 点击登录
INFO 2020-10-27 10:56:08,029 -获取弹出框内容-
INFO 2020-10-27 10:56:21,009 登录功能开始
INFO 2020-10-27 10:56:21,108 ---输入用户名---admin
INFO 2020-10-27 10:56:21,182 输入密码654321
INFO 2020-10-27 10:56:24,278 点击登录
INFO 2020-10-27 10:56:24,281 -获取弹出框内容-
INFO 2020-10-27 10:56:37,209 登录功能开始
INFO 2020-10-27 10:56:37,287 ---输入用户名---
INFO 2020-10-27 10:56:37,346 输入密码
INFO 2020-10-27 10:56:40,409 点击登录
INFO 2020-10-27 10:56:40,411 -获取弹出框内容-
INFO 2020-10-27 10:56:53,380 登录功能开始
INFO 2020-10-27 10:56:53,493 ---输入用户名---admin
INFO 2020-10-27 10:56:53,582 输入密码123456
INFO 2020-10-27 10:56:56,941 点击登录
INFO 2020-10-27 10:57:09,995 登录功能开始
INFO 2020-10-27 10:57:10,137 ---输入用户名---admin
INFO 2020-10-27 10:57:10,194 输入密码
INFO 2020-10-27 10:57:13,254 点击登录
INFO 2020-10-27 10:57:13,256 -获取弹出框内容-
INFO 2020-10-27 10:58:03,349 登录功能开始
INFO 2020-10-27 10:58:03,450 ---输入用户名---
INFO 2020-10-27 10:58:03,518 输入密码123456
INFO 2020-10-27 10:58:06,574 点击登录
INFO 2020-10-27 10:58:06,581 -获取弹出框内容-
INFO 2020-10-27 10:58:19,473 登录功能开始
INFO 2020-10-27 10:58:19,573 ---输入用户名---admin
INFO 2020-10-27 10:58:19,672 输入密码654321
INFO 2020-10-27 10:58:22,773 点击登录
INFO 2020-10-27 10:58:22,777 -获取弹出框内容-
INFO 2020-10-27 10:58:35,781 登录功能开始
INFO 2020-10-27 10:58:35,865 ---输入用户名---
INFO 2020-10-27 10:58:35,931 输入密码
INFO 2020-10-27 10:58:38,982 点击登录
INFO 2020-10-27 10:58:38,986 -获取弹出框内容-
INFO 2020-10-27 10:58:52,213 登录功能开始
INFO 2020-10-27 10:58:52,334 ---输入用户名---admin
INFO 2020-10-27 10:58:52,432 输入密码123456
INFO 2020-10-27 10:58:55,834 点击登录
INFO 2020-10-27 10:58:55,890 -获取登录成功信息-
INFO 2020-10-27 10:59:08,921 登录功能开始
INFO 2020-10-27 10:59:09,033 ---输入用户名---admin
INFO 2020-10-27 10:59:09,103 输入密码
INFO 2020-10-27 10:59:12,162 点击登录
INFO 2020-10-27 10:59:12,164 -获取弹出框内容-
