INFO 2020-10-24 17:16:29,659 登录功能开始
INFO 2020-10-24 17:16:29,800 ---输入用户名---
INFO 2020-10-24 17:16:29,877 输入密码
INFO 2020-10-24 17:16:30,139 点击登录
INFO 2020-10-24 17:16:35,678 客户姓名hjj
INFO 2020-10-24 17:16:38,831 创建人lp
INFO 2020-10-24 17:16:38,965 出生日期2020-10-22 19:22:40
INFO 2020-10-24 17:16:39,052 email5541122@qq.com
INFO 2020-10-24 17:16:41,102 -获取添加客户信息成功-
INFO 2020-10-24 17:16:54,100 登录功能开始
INFO 2020-10-24 17:16:54,180 ---输入用户名---
INFO 2020-10-24 17:16:54,417 输入密码
INFO 2020-10-24 17:16:54,467 点击登录
INFO 2020-10-24 17:16:54,471 -获取弹出框内容-
INFO 2020-10-24 17:17:07,377 登录功能开始
INFO 2020-10-24 17:17:07,468 ---输入用户名---
INFO 2020-10-24 17:17:07,553 输入密码
INFO 2020-10-24 17:17:07,646 点击登录
INFO 2020-10-24 17:17:07,649 -获取弹出框内容-
INFO 2020-10-24 17:17:20,610 登录功能开始
INFO 2020-10-24 17:17:20,683 ---输入用户名---
INFO 2020-10-24 17:17:20,741 输入密码
INFO 2020-10-24 17:17:20,789 点击登录
INFO 2020-10-24 17:17:20,792 -获取弹出框内容-
INFO 2020-10-24 17:17:34,776 登录功能开始
INFO 2020-10-24 17:17:35,029 ---输入用户名---
INFO 2020-10-24 17:17:35,101 输入密码
INFO 2020-10-24 17:17:35,372 点击登录
INFO 2020-10-24 17:17:35,424 -获取登录成功信息-
INFO 2020-10-24 17:17:48,364 登录功能开始
INFO 2020-10-24 17:17:48,452 ---输入用户名---
INFO 2020-10-24 17:17:48,521 输入密码
INFO 2020-10-24 17:17:48,577 点击登录
INFO 2020-10-24 17:17:48,579 -获取弹出框内容-
INFO 2020-10-24 17:18:01,614 登录功能开始
INFO 2020-10-24 17:18:01,711 ---输入用户名---
INFO 2020-10-24 17:18:01,791 输入密码
INFO 2020-10-24 17:18:02,120 点击登录
INFO 2020-10-24 17:18:04,745 客户修改成功--保存成功
INFO 2020-10-24 17:18:06,747 -获取修改客户信息成功-
