INFO 2020-10-28 16:02:00,515 登录功能开始
INFO 2020-10-28 16:02:00,586 ---输入用户名---
INFO 2020-10-28 16:02:00,754 输入密码123456
INFO 2020-10-28 16:02:03,817 点击登录
INFO 2020-10-28 16:02:03,820 -获取弹出框内容-
INFO 2020-10-28 16:02:17,193 登录功能开始
INFO 2020-10-28 16:02:17,352 ---输入用户名---admin
INFO 2020-10-28 16:02:17,428 输入密码654321
INFO 2020-10-28 16:02:21,036 点击登录
INFO 2020-10-28 16:02:21,038 -获取弹出框内容-
INFO 2020-10-28 16:02:34,110 登录功能开始
INFO 2020-10-28 16:02:34,175 ---输入用户名---
INFO 2020-10-28 16:02:34,250 输入密码
INFO 2020-10-28 16:02:37,312 点击登录
INFO 2020-10-28 16:02:37,314 -获取弹出框内容-
INFO 2020-10-28 16:02:51,655 登录功能开始
INFO 2020-10-28 16:02:51,807 ---输入用户名---admin
INFO 2020-10-28 16:02:51,902 输入密码123456
INFO 2020-10-28 16:02:55,278 点击登录
INFO 2020-10-28 16:02:55,375 -获取登录成功信息-
INFO 2020-10-28 16:03:08,731 登录功能开始
INFO 2020-10-28 16:03:08,824 ---输入用户名---admin
INFO 2020-10-28 16:03:08,894 输入密码
INFO 2020-10-28 16:03:11,951 点击登录
INFO 2020-10-28 16:03:11,953 -获取弹出框内容-
INFO 2020-10-28 16:17:08,413 登录功能开始
INFO 2020-10-28 16:17:08,494 ---输入用户名---
INFO 2020-10-28 16:17:08,591 输入密码123456
INFO 2020-10-28 16:17:11,657 点击登录
INFO 2020-10-28 16:17:11,660 -获取弹出框内容-
INFO 2020-10-28 16:17:24,819 登录功能开始
INFO 2020-10-28 16:17:24,907 ---输入用户名---admin
INFO 2020-10-28 16:17:24,985 输入密码654321
INFO 2020-10-28 16:17:28,099 点击登录
INFO 2020-10-28 16:17:28,102 -获取弹出框内容-
INFO 2020-10-28 16:17:41,399 登录功能开始
INFO 2020-10-28 16:17:41,468 ---输入用户名---
INFO 2020-10-28 16:17:41,538 输入密码
INFO 2020-10-28 16:17:44,590 点击登录
INFO 2020-10-28 16:17:44,593 -获取弹出框内容-
INFO 2020-10-28 16:17:58,119 登录功能开始
INFO 2020-10-28 16:17:58,194 ---输入用户名---admin
INFO 2020-10-28 16:17:58,268 输入密码123456
INFO 2020-10-28 16:18:01,717 点击登录
INFO 2020-10-28 16:18:01,778 -获取登录成功信息-
INFO 2020-10-28 16:18:15,010 登录功能开始
INFO 2020-10-28 16:18:15,099 ---输入用户名---admin
INFO 2020-10-28 16:18:15,169 输入密码
INFO 2020-10-28 16:18:18,239 点击登录
INFO 2020-10-28 16:18:18,246 -获取弹出框内容-
INFO 2020-10-28 16:23:09,037 登录功能开始
INFO 2020-10-28 16:23:09,113 ---输入用户名---
INFO 2020-10-28 16:23:09,180 输入密码123456
INFO 2020-10-28 16:23:12,247 点击登录
INFO 2020-10-28 16:23:12,250 -获取弹出框内容-
INFO 2020-10-28 16:23:25,379 登录功能开始
INFO 2020-10-28 16:23:25,501 ---输入用户名---admin
INFO 2020-10-28 16:23:25,593 输入密码654321
INFO 2020-10-28 16:23:28,723 点击登录
INFO 2020-10-28 16:23:28,725 -获取弹出框内容-
INFO 2020-10-28 16:23:42,885 登录功能开始
INFO 2020-10-28 16:23:42,960 ---输入用户名---
INFO 2020-10-28 16:23:43,015 输入密码
INFO 2020-10-28 16:23:46,086 点击登录
INFO 2020-10-28 16:23:46,089 -获取弹出框内容-
INFO 2020-10-28 16:23:59,278 登录功能开始
INFO 2020-10-28 16:23:59,399 ---输入用户名---admin
INFO 2020-10-28 16:23:59,510 输入密码123456
INFO 2020-10-28 16:24:02,945 点击登录
INFO 2020-10-28 16:24:03,003 -获取登录成功信息-
INFO 2020-10-28 16:24:16,355 登录功能开始
INFO 2020-10-28 16:24:16,471 ---输入用户名---admin
INFO 2020-10-28 16:24:16,543 输入密码
INFO 2020-10-28 16:24:19,599 点击登录
INFO 2020-10-28 16:24:19,602 -获取弹出框内容-
INFO 2020-10-28 16:26:05,635 登录功能开始
INFO 2020-10-28 16:26:05,738 ---输入用户名---
INFO 2020-10-28 16:26:05,824 输入密码123456
INFO 2020-10-28 16:26:08,885 点击登录
INFO 2020-10-28 16:26:08,888 -获取弹出框内容-
INFO 2020-10-28 16:26:22,034 登录功能开始
INFO 2020-10-28 16:26:22,146 ---输入用户名---admin
INFO 2020-10-28 16:26:22,241 输入密码654321
INFO 2020-10-28 16:26:25,375 点击登录
INFO 2020-10-28 16:26:25,377 -获取弹出框内容-
INFO 2020-10-28 16:26:38,474 登录功能开始
INFO 2020-10-28 16:26:38,557 ---输入用户名---
INFO 2020-10-28 16:26:38,624 输入密码
INFO 2020-10-28 16:26:41,681 点击登录
INFO 2020-10-28 16:26:41,685 -获取弹出框内容-
INFO 2020-10-28 16:26:55,278 登录功能开始
INFO 2020-10-28 16:26:55,381 ---输入用户名---admin
INFO 2020-10-28 16:26:55,470 输入密码123456
INFO 2020-10-28 16:26:58,929 点击登录
INFO 2020-10-28 16:26:59,046 -获取登录成功信息-
INFO 2020-10-28 16:27:12,317 登录功能开始
INFO 2020-10-28 16:27:12,392 ---输入用户名---admin
INFO 2020-10-28 16:27:12,457 输入密码
INFO 2020-10-28 16:27:15,520 点击登录
INFO 2020-10-28 16:27:15,524 -获取弹出框内容-
INFO 2020-10-28 16:30:22,919 登录功能开始
INFO 2020-10-28 16:30:23,045 ---输入用户名---
INFO 2020-10-28 16:30:23,144 输入密码123456
INFO 2020-10-28 16:30:26,200 点击登录
INFO 2020-10-28 16:30:26,202 -获取弹出框内容-
INFO 2020-10-28 16:30:39,474 登录功能开始
INFO 2020-10-28 16:30:39,576 ---输入用户名---admin
INFO 2020-10-28 16:30:39,656 输入密码654321
INFO 2020-10-28 16:30:42,775 点击登录
INFO 2020-10-28 16:30:42,777 -获取弹出框内容-
INFO 2020-10-28 16:30:55,933 登录功能开始
INFO 2020-10-28 16:30:56,023 ---输入用户名---
INFO 2020-10-28 16:30:56,095 输入密码
INFO 2020-10-28 16:30:59,151 点击登录
INFO 2020-10-28 16:30:59,155 -获取弹出框内容-
INFO 2020-10-28 16:31:13,353 登录功能开始
INFO 2020-10-28 16:31:13,477 ---输入用户名---admin
INFO 2020-10-28 16:31:13,582 输入密码123456
INFO 2020-10-28 16:31:16,911 点击登录
INFO 2020-10-28 16:31:16,985 -获取登录成功信息-
INFO 2020-10-28 16:31:30,163 登录功能开始
INFO 2020-10-28 16:31:30,278 ---输入用户名---admin
INFO 2020-10-28 16:31:30,360 输入密码
INFO 2020-10-28 16:31:33,413 点击登录
INFO 2020-10-28 16:31:33,420 -获取弹出框内容-
INFO 2020-10-28 16:33:59,136 登录功能开始
INFO 2020-10-28 16:33:59,223 ---输入用户名---
INFO 2020-10-28 16:33:59,322 输入密码123456
INFO 2020-10-28 16:34:02,377 点击登录
INFO 2020-10-28 16:34:02,379 -获取弹出框内容-
INFO 2020-10-28 16:34:15,669 登录功能开始
INFO 2020-10-28 16:34:15,773 ---输入用户名---admin
INFO 2020-10-28 16:34:15,860 输入密码654321
INFO 2020-10-28 16:34:18,965 点击登录
INFO 2020-10-28 16:34:18,969 -获取弹出框内容-
INFO 2020-10-28 16:34:32,295 登录功能开始
INFO 2020-10-28 16:34:32,391 ---输入用户名---
INFO 2020-10-28 16:34:32,457 输入密码
INFO 2020-10-28 16:34:35,532 点击登录
INFO 2020-10-28 16:34:35,534 -获取弹出框内容-
INFO 2020-10-28 16:34:48,705 登录功能开始
INFO 2020-10-28 16:34:48,810 ---输入用户名---admin
INFO 2020-10-28 16:34:48,903 输入密码123456
INFO 2020-10-28 16:34:52,272 点击登录
INFO 2020-10-28 16:34:52,370 -获取登录成功信息-
INFO 2020-10-28 16:35:06,785 登录功能开始
INFO 2020-10-28 16:35:06,858 ---输入用户名---admin
INFO 2020-10-28 16:35:06,932 输入密码
INFO 2020-10-28 16:35:09,994 点击登录
INFO 2020-10-28 16:35:09,996 -获取弹出框内容-
INFO 2020-10-28 16:46:33,573 登录功能开始
INFO 2020-10-28 16:46:33,695 ---输入用户名---
INFO 2020-10-28 16:46:33,800 输入密码123456
INFO 2020-10-28 16:46:36,868 点击登录
INFO 2020-10-28 16:46:36,870 -获取弹出框内容-
INFO 2020-10-28 16:46:50,823 登录功能开始
INFO 2020-10-28 16:46:50,907 ---输入用户名---admin
INFO 2020-10-28 16:46:51,001 输入密码654321
INFO 2020-10-28 16:46:54,166 点击登录
INFO 2020-10-28 16:46:54,168 -获取弹出框内容-
INFO 2020-10-28 16:47:07,626 登录功能开始
INFO 2020-10-28 16:47:07,711 ---输入用户名---
INFO 2020-10-28 16:47:07,777 输入密码
INFO 2020-10-28 16:47:10,834 点击登录
INFO 2020-10-28 16:47:10,836 -获取弹出框内容-
INFO 2020-10-28 16:47:23,996 登录功能开始
INFO 2020-10-28 16:47:24,101 ---输入用户名---admin
INFO 2020-10-28 16:47:24,180 输入密码123456
INFO 2020-10-28 16:47:27,508 点击登录
INFO 2020-10-28 16:47:27,606 -获取登录成功信息-
INFO 2020-10-28 16:47:40,881 登录功能开始
INFO 2020-10-28 16:47:40,977 ---输入用户名---admin
INFO 2020-10-28 16:47:41,046 输入密码
INFO 2020-10-28 16:47:44,097 点击登录
INFO 2020-10-28 16:47:44,099 -获取弹出框内容-
INFO 2020-10-28 17:07:45,200 登录功能开始
INFO 2020-10-28 17:07:45,287 ---输入用户名---
INFO 2020-10-28 17:07:45,380 输入密码123456
INFO 2020-10-28 17:07:48,445 点击登录
INFO 2020-10-28 17:07:48,456 -获取弹出框内容-
INFO 2020-10-28 17:57:01,960 登录功能开始
INFO 2020-10-28 17:57:02,031 ---输入用户名---
INFO 2020-10-28 17:57:02,113 输入密码123456
INFO 2020-10-28 17:57:05,167 点击登录
INFO 2020-10-28 17:57:05,213 -获取弹出框内容-
INFO 2020-10-28 17:57:18,177 登录功能开始
INFO 2020-10-28 17:57:18,258 ---输入用户名---admin
INFO 2020-10-28 17:57:18,315 输入密码654321
INFO 2020-10-28 17:57:21,464 点击登录
INFO 2020-10-28 17:57:21,466 -获取弹出框内容-
INFO 2020-10-28 17:57:34,458 登录功能开始
INFO 2020-10-28 17:57:34,538 ---输入用户名---
INFO 2020-10-28 17:57:34,612 输入密码
INFO 2020-10-28 17:57:37,669 点击登录
INFO 2020-10-28 17:57:37,671 -获取弹出框内容-
INFO 2020-10-28 17:57:50,605 登录功能开始
INFO 2020-10-28 17:57:50,700 ---输入用户名---admin
INFO 2020-10-28 17:57:50,774 输入密码123456
INFO 2020-10-28 17:57:54,101 点击登录
INFO 2020-10-28 17:57:54,151 -获取登录成功信息-
INFO 2020-10-28 17:58:07,234 登录功能开始
INFO 2020-10-28 17:58:07,324 ---输入用户名---admin
INFO 2020-10-28 17:58:07,379 输入密码
INFO 2020-10-28 17:58:10,430 点击登录
INFO 2020-10-28 17:58:10,432 -获取弹出框内容-
